<?xml version="1.0" encoding="UTF-8"?>
<!-- Generated by org.testng.reporters.JUnitXMLReporter -->
<testsuite ignored="0" hostname="DESKTOP-REJ3M5T" failures="0" tests="8" name="Default test" time="52.518" errors="0" timestamp="2025-12-01T17:35:17 SAST">
  <testcase classname="api.test.positiveTests.PositiveE2ETests" name="createRepoTest" time="35.013"/>
  <testcase classname="api.test.positiveTests.PositiveE2ETests" name="createRepoTest" time="2.17"/>
  <testcase classname="api.test.positiveTests.PositiveE2ETests" name="getRepoTest" time="1.498"/>
  <testcase classname="api.test.positiveTests.PositiveE2ETests" name="getRepoTest" time="1.053"/>
  <testcase classname="api.test.positiveTests.PositiveE2ETests" name="updateRepoTest" time="1.784"/>
  <testcase classname="api.test.positiveTests.PositiveE2ETests" name="updateRepoTest" time="1.608"/>
  <testcase classname="api.test.positiveTests.PositiveE2ETests" name="deleteRepoTest" time="1.284"/>
  <testcase classname="api.test.positiveTests.PositiveE2ETests" name="deleteRepoTest" time="1.194"/>
</testsuite> <!-- Default test -->
