<?xml version="1.0" encoding="UTF-8"?>
<!-- Generated by org.testng.reporters.JUnitXMLReporter -->
<testsuite ignored="0" hostname="DESKTOP-REJ3M5T" failures="0" tests="8" name="API-E2E-Test" time="37.031" errors="0" timestamp="2025-12-01T17:46:43 SAST">
  <testcase classname="api.test.positiveTests.PositiveE2ETests" name="createRepoTest" time="23.579"/>
  <testcase classname="api.test.positiveTests.PositiveE2ETests" name="createRepoTest" time="2.639"/>
  <testcase classname="api.test.positiveTests.PositiveE2ETests" name="getRepoTest" time="2.415"/>
  <testcase classname="api.test.positiveTests.PositiveE2ETests" name="getRepoTest" time="1.166"/>
  <testcase classname="api.test.positiveTests.PositiveE2ETests" name="updateRepoTest" time="2.532"/>
  <testcase classname="api.test.positiveTests.PositiveE2ETests" name="updateRepoTest" time="1.498"/>
  <testcase classname="api.test.positiveTests.PositiveE2ETests" name="deleteRepoTest" time="1.13"/>
  <testcase classname="api.test.positiveTests.PositiveE2ETests" name="deleteRepoTest" time="1.143"/>
</testsuite> <!-- API-E2E-Test -->
