<?xml version="1.0" encoding="UTF-8"?>
<!-- Generated by org.testng.reporters.JUnitXMLReporter -->
<testsuite ignored="0" hostname="DESKTOP-REJ3M5T" failures="0" tests="3" name="createRepoErrorValidation" time="69.501" errors="0" timestamp="2025-12-01T17:50:58 SAST">
  <testcase classname="api.test.negativeTests.CreateRepoNegativeTests" name="createExistingRepo" time="59.541"/>
  <testcase classname="api.test.negativeTests.CreateRepoNegativeTests" name="createRepoWithLongName" time="1.336"/>
  <testcase classname="api.test.negativeTests.CreateRepoNegativeTests" name="createRepoWithoutName" time="1.041"/>
</testsuite> <!-- createRepoErrorValidation -->
