<?xml version="1.0" encoding="UTF-8"?>
<!-- Generated by org.testng.reporters.JUnitXMLReporter -->
<testsuite ignored="0" hostname="DESKTOP-REJ3M5T" failures="0" tests="4" name="OrderPlacementAndOrderHistory" time="596.783" errors="0" timestamp="2025-12-01T17:46:05 SAST">
  <testcase classname="ui.tests.positiveTests.OrderPlacementAndOrderHistory" name="placeOrderAndValidateOrderHistoryTest" time="140.404"/>
  <testcase classname="ui.tests.positiveTests.OrderPlacementAndOrderHistory" name="placeOrderAndValidateOrderHistoryTest" time="131.768"/>
  <testcase classname="ui.tests.positiveTests.OrderPlacementAndOrderHistory" name="orderHistoryTest" time="48.742"/>
  <testcase classname="ui.tests.positiveTests.OrderPlacementAndOrderHistory" name="orderHistoryTest" time="45.898"/>
</testsuite> <!-- OrderPlacementAndOrderHistory -->
