<?xml version="1.0" encoding="UTF-8"?>
<!-- Generated by org.testng.reporters.JUnitXMLReporter -->
<testsuite ignored="0" hostname="DESKTOP-REJ3M5T" failures="3" tests="35" name="Test" time="3361.064" errors="0" timestamp="2025-11-24T16:46:21 SAST">
  <testcase classname="ui.tests.negativeTests.CheckoutTest" name="negativeCheckoutTest" time="138.704"/>
  <testcase classname="ui.tests.negativeTests.CheckoutTest" name="negativeCheckoutTest" time="120.149"/>
  <testcase classname="ui.tests.negativeTests.CheckoutTest" name="negativeCheckoutTest" time="126.064"/>
  <testcase classname="ui.tests.negativeTests.CheckoutTest" name="negativeCheckoutTest" time="116.974"/>
  <testcase classname="ui.tests.negativeTests.CheckoutTest" name="negativeCheckoutTest" time="109.484"/>
  <testcase classname="ui.tests.negativeTests.CheckoutTest" name="negativeCheckoutTest" time="112.769"/>
  <testcase classname="ui.tests.negativeTests.CheckoutTest" name="negativeCheckoutTest" time="110.175"/>
  <testcase classname="ui.tests.negativeTests.CheckoutTest" name="negativeCheckoutTest" time="114.849"/>
  <testcase classname="ui.tests.negativeTests.LoginNegativeTest" name="loginNegativeTest" time="20.186"/>
  <testcase classname="ui.tests.negativeTests.LoginNegativeTest" name="loginNegativeTest" time="19.265"/>
  <testcase classname="ui.tests.negativeTests.LoginNegativeTest" name="loginNegativeTest" time="17.862"/>
  <testcase classname="ui.tests.negativeTests.LoginNegativeTest" name="loginNegativeTest" time="18.923"/>
  <testcase classname="ui.tests.negativeTests.LoginNegativeTest" name="loginNegativeTest" time="17.796"/>
  <testcase classname="ui.tests.negativeTests.LoginNegativeTest" name="loginNegativeTest" time="17.731"/>
  <testcase classname="ui.tests.negativeTests.LoginNegativeTest" name="loginNegativeTest" time="17.218"/>
  <testcase classname="ui.tests.negativeTests.LoginNegativeTest" name="loginNegativeTest" time="17.903"/>
  <testcase classname="ui.tests.negativeTests.LoginNegativeTest" name="loginNegativeTest" time="20.76">
    <failure type="java.lang.AssertionError" message="expected [Warning: Your account has exceeded allowed number of login attempts. Please try again in 1 hour.] but found [Warning: No match for E-Mail Address and/or Password.]">
      <![CDATA[java.lang.AssertionError: expected [Warning: Your account has exceeded allowed number of login attempts. Please try again in 1 hour.] but found [Warning: No match for E-Mail Address and/or Password.]
at ui.utils.UiUtilities.verifyText(UiUtilities.java:79)
at ui.pages.LoginPage.verifyThatUserLoginFailed(LoginPage.java:55)
at ui.tests.negativeTests.LoginNegativeTest.loginNegativeTest(LoginNegativeTest.java:18)
at java.base/java.util.ArrayList.forEach(ArrayList.java:1596)
... Removed 31 stack frames]]>
    </failure>
  </testcase> <!-- loginNegativeTest -->
  <testcase classname="ui.tests.negativeTests.LoginNegativeTest" name="loginNegativeTest" time="21.502"/>
  <testcase classname="ui.tests.negativeTests.LoginNegativeTest" name="loginNegativeTest" time="18.841">
    <failure type="java.lang.AssertionError" message="expected [Warning: Your account has exceeded allowed number of login attempts. Please try again in 1 hour.] but found [Warning: No match for E-Mail Address and/or Password.]">
      <![CDATA[java.lang.AssertionError: expected [Warning: Your account has exceeded allowed number of login attempts. Please try again in 1 hour.] but found [Warning: No match for E-Mail Address and/or Password.]
at ui.utils.UiUtilities.verifyText(UiUtilities.java:79)
at ui.pages.LoginPage.verifyThatUserLoginFailed(LoginPage.java:55)
at ui.tests.negativeTests.LoginNegativeTest.loginNegativeTest(LoginNegativeTest.java:18)
at java.base/java.util.ArrayList.forEach(ArrayList.java:1596)
... Removed 31 stack frames]]>
    </failure>
  </testcase> <!-- loginNegativeTest -->
  <testcase classname="ui.tests.negativeTests.RegistrationNegativeTest" name="testNegativeRegistration" time="29.721"/>
  <testcase classname="ui.tests.negativeTests.RegistrationNegativeTest" name="testNegativeRegistration" time="25.25"/>
  <testcase classname="ui.tests.negativeTests.RegistrationNegativeTest" name="testNegativeRegistration" time="27.837">
    <failure type="org.openqa.selenium.TimeoutException" message="Expected condition failed: waiting for visibility of element located by By.cssSelector: .mz-sub-menu-96 li (tried for 25 second(s) with 500 milliseconds interval)
Build info: version: &amp;apos;4.36.0&amp;apos;, revision: &amp;apos;6d115cfd87&amp;apos;
System info: os.name: &amp;apos;Windows 10&amp;apos;, os.arch: &amp;apos;amd64&amp;apos;, os.version: &amp;apos;10.0&amp;apos;, java.version: &amp;apos;21.0.5&amp;apos;
Driver info: org.openqa.selenium.edge.EdgeDriver
Capabilities {acceptInsecureCerts: false, browserName: MicrosoftEdge, browserVersion: 142.0.3595.94, fedcm:accounts: true, goog:processID: 31480, ms:edgeOptions: {debuggerAddress: localhost:57392}, msedge: {msedgedriverVersion: 142.0.3595.94 (6565d6e52817..., userDataDir: C:\Users\DENNIS\AppData\Loc...}, networkConnectionEnabled: false, pageLoadStrategy: normal, platformName: windows, proxy: Proxy(), se:cdp: ws://localhost:57392/devtoo..., se:cdpVersion: 142.0.3595.94, setWindowRect: true, strictFileInteractability: false, timeouts: {implicit: 0, pageLoad: 300000, script: 30000}, unhandledPromptBehavior: dismiss and notify, webauthn:extension:credBlob: true, webauthn:extension:largeBlob: true, webauthn:extension:minPinLength: true, webauthn:extension:prf: true, webauthn:virtualAuthenticators: true}
Session ID: af20aa600bb4e6de20b980407e14d275">
      <![CDATA[org.openqa.selenium.TimeoutException: Expected condition failed: waiting for visibility of element located by By.cssSelector: .mz-sub-menu-96 li (tried for 25 second(s) with 500 milliseconds interval)
Build info: version: '4.36.0', revision: '6d115cfd87'
System info: os.name: 'Windows 10', os.arch: 'amd64', os.version: '10.0', java.version: '21.0.5'
Driver info: org.openqa.selenium.edge.EdgeDriver
Capabilities {acceptInsecureCerts: false, browserName: MicrosoftEdge, browserVersion: 142.0.3595.94, fedcm:accounts: true, goog:processID: 31480, ms:edgeOptions: {debuggerAddress: localhost:57392}, msedge: {msedgedriverVersion: 142.0.3595.94 (6565d6e52817..., userDataDir: C:\Users\DENNIS\AppData\Loc...}, networkConnectionEnabled: false, pageLoadStrategy: normal, platformName: windows, proxy: Proxy(), se:cdp: ws://localhost:57392/devtoo..., se:cdpVersion: 142.0.3595.94, setWindowRect: true, strictFileInteractability: false, timeouts: {implicit: 0, pageLoad: 300000, script: 30000}, unhandledPromptBehavior: dismiss and notify, webauthn:extension:credBlob: true, webauthn:extension:largeBlob: true, webauthn:extension:minPinLength: true, webauthn:extension:prf: true, webauthn:virtualAuthenticators: true}
Session ID: af20aa600bb4e6de20b980407e14d275
at org.openqa.selenium.support.ui.WebDriverWait.timeoutException(WebDriverWait.java:84)
at org.openqa.selenium.support.ui.FluentWait.until(FluentWait.java:228)
at ui.utils.UiUtilities.waitForVisibilityOfElementLocatedBy(UiUtilities.java:39)
at ui.utils.UiUtilities.getElements(UiUtilities.java:74)
at ui.components.NavigationBar.goToMyAccountOption(NavigationBar.java:79)
at ui.components.NavigationBar.goToRegistrationPage(NavigationBar.java:68)
at ui.tests.negativeTests.RegistrationNegativeTest.testNegativeRegistration(RegistrationNegativeTest.java:20)
at java.base/java.util.ArrayList.forEach(ArrayList.java:1596)
... Removed 25 stack frames]]>
    </failure>
  </testcase> <!-- testNegativeRegistration -->
  <testcase classname="ui.tests.negativeTests.RegistrationNegativeTest" name="testNegativeRegistration" time="26.547"/>
  <testcase classname="ui.tests.negativeTests.RegistrationNegativeTest" name="testNegativeRegistration" time="34.885"/>
  <testcase classname="ui.tests.negativeTests.RegistrationNegativeTest" name="testNegativeRegistration" time="27.105"/>
  <testcase classname="ui.tests.negativeTests.RegistrationNegativeTest" name="testNegativeRegistration" time="24.197"/>
  <testcase classname="ui.tests.negativeTests.RegistrationNegativeTest" name="testNegativeRegistration" time="25.104"/>
  <testcase classname="ui.tests.negativeTests.RegistrationNegativeTest" name="testNegativeRegistration" time="25.302"/>
  <testcase classname="ui.tests.negativeTests.RegistrationNegativeTest" name="testNegativeRegistration" time="27.689"/>
  <testcase classname="ui.tests.negativeTests.SearchAndAddProductToCard" name="addOutOfStockProductToCart" time="80.976"/>
  <testcase classname="ui.tests.negativeTests.SearchAndAddProductToCard" name="addOutOfStockProductToCart" time="76.394"/>
  <testcase classname="ui.tests.negativeTests.SearchAndAddProductToCard" name="searchInvalidProduct" time="46.04"/>
  <testcase classname="ui.tests.negativeTests.SearchAndAddProductToCard" name="searchInvalidProduct" time="35.089"/>
  <testcase classname="ui.tests.negativeTests.SearchAndAddProductToCard" name="updateWithInvalidInputProductQuantityInCart" time="80.608"/>
  <testcase classname="ui.tests.negativeTests.SearchAndAddProductToCard" name="updateWithInvalidInputProductQuantityInCart" time="78.256"/>
</testsuite> <!-- Test -->
