<?xml version="1.0" encoding="UTF-8"?>
<!-- Generated by org.testng.reporters.JUnitXMLReporter -->
<testsuite ignored="0" hostname="DESKTOP-REJ3M5T" failures="0" tests="2" name="updateRepoErrorValidation" time="4.901" errors="0" timestamp="2025-12-01T22:50:19 SAST">
  <testcase classname="api.test.negativeTests.UpdateRepoNegativeTest" name="updateRepoWithEmptyName" time="3.199"/>
  <testcase classname="api.test.negativeTests.UpdateRepoNegativeTest" name="updateRepoWithNonExistentName" time="1.417"/>
</testsuite> <!-- updateRepoErrorValidation -->
