<?xml version="1.0" encoding="UTF-8"?>
<!-- Generated by org.testng.reporters.JUnitXMLReporter -->
<testsuite ignored="0" hostname="DESKTOP-REJ3M5T" failures="0" tests="2" name="updateRepoErrorValidation" time="2.526" errors="0" timestamp="2025-12-01T17:51:24 SAST">
  <testcase classname="api.test.negativeTests.UpdateRepoNegativeTest" name="updateRepoWithEmptyName" time="1.332"/>
  <testcase classname="api.test.negativeTests.UpdateRepoNegativeTest" name="updateRepoWithNonExistentName" time="1.091"/>
</testsuite> <!-- updateRepoErrorValidation -->
