<?xml version="1.0" encoding="UTF-8"?>
<testng-results ignored="0" total="9" passed="9" failed="0" skipped="0">
  <reporter-output>
  </reporter-output>
  <suite started-at="2025-12-01T22:49:29 SAST" name="Suite" finished-at="2025-12-01T22:50:19 SAST" duration-ms="50098">
    <groups>
    </groups>
    <test started-at="2025-12-01T22:49:29 SAST" name="createRepoErrorValidation" finished-at="2025-12-01T22:49:56 SAST" duration-ms="26903">
      <class name="api.test.negativeTests.CreateRepoNegativeTests">
        <test-method signature="createExistingRepo(java.util.HashMap)[pri:0, instance:api.test.negativeTests.CreateRepoNegativeTests@36804139]" started-at="2025-12-01T22:49:31 SAST" name="createExistingRepo" data-provider="createExistingRepoProvider" finished-at="2025-12-01T22:49:53 SAST" duration-ms="22439" status="PASS">
          <params>
            <param index="0">
              <value>
                <![CDATA[{private=false, code=custom, is_template=false, field=name, name=newrepo, description=Repo already exists, message=Repository creation failed., homepage=https://example.com, statusCode=422}]]>
              </value>
            </param>
          </params>
          <reporter-output>
          </reporter-output>
        </test-method> <!-- createExistingRepo -->
        <test-method signature="createRepoWithLongName(java.util.HashMap)[pri:0, instance:api.test.negativeTests.CreateRepoNegativeTests@36804139]" started-at="2025-12-01T22:49:54 SAST" name="createRepoWithLongName" data-provider="createRepoWithLongNameProvider" finished-at="2025-12-01T22:49:55 SAST" duration-ms="1057" status="PASS">
          <params>
            <param index="0">
              <value>
                <![CDATA[{private=false, code=custom, is_template=false, field=name, name=aaaaaaaaaaaaaaaaaaaaaaaaaaaaaaaaaaaaaaaaaaaaaaaaaaaaaaaaaaaaaaaaaaaaaaaaaaaaaaaaaaaaaaaaaaaaaaaaaaaaaaaaaaaaaaaaaaaaaaaaaaaaaaaaaa, description=Overly long name (more than 100 chars), message=Repository creation failed., homepage=https://example.com, statusCode=422}]]>
              </value>
            </param>
          </params>
          <reporter-output>
          </reporter-output>
        </test-method> <!-- createRepoWithLongName -->
        <test-method signature="createRepoWithoutName(java.util.HashMap)[pri:0, instance:api.test.negativeTests.CreateRepoNegativeTests@36804139]" started-at="2025-12-01T22:49:55 SAST" name="createRepoWithoutName" data-provider="repoWithoutNameProvider" finished-at="2025-12-01T22:49:56 SAST" duration-ms="848" status="PASS">
          <params>
            <param index="0">
              <value>
                <![CDATA[{private=false, code=missing_field, is_template=false, field=name, name=, description=Missing name field should fail, message=New repository name must not be blank, homepage=https://example.com, statusCode=422}]]>
              </value>
            </param>
          </params>
          <reporter-output>
          </reporter-output>
        </test-method> <!-- createRepoWithoutName -->
      </class> <!-- api.test.negativeTests.CreateRepoNegativeTests -->
    </test> <!-- createRepoErrorValidation -->
    <test started-at="2025-12-01T22:49:59 SAST" name="deleteRepoErrorValidation" finished-at="2025-12-01T22:50:01 SAST" duration-ms="2185">
      <class name="api.test.negativeTests.DeleteRepoNegativeTest">
        <test-method signature="deleteNonExistentRepo(java.util.HashMap)[pri:0, instance:api.test.negativeTests.DeleteRepoNegativeTest@75c56eb9]" started-at="2025-12-01T22:49:59 SAST" name="deleteNonExistentRepo" data-provider="deleteNonExistentRepoProvider" finished-at="2025-12-01T22:50:01 SAST" duration-ms="1315" status="PASS">
          <params>
            <param index="0">
              <value>
                <![CDATA[{name=Non-Existent-Repo, message=Not Found, statusCode=404}]]>
              </value>
            </param>
          </params>
          <reporter-output>
          </reporter-output>
        </test-method> <!-- deleteNonExistentRepo -->
        <test-method signature="deleteRepoWithoutName(java.util.HashMap)[pri:0, instance:api.test.negativeTests.DeleteRepoNegativeTest@75c56eb9]" started-at="2025-12-01T22:50:01 SAST" name="deleteRepoWithoutName" data-provider="deleteRepoWithoutNameProvider" finished-at="2025-12-01T22:50:01 SAST" duration-ms="701" status="PASS">
          <params>
            <param index="0">
              <value>
                <![CDATA[{name=, message=Not Found, statusCode=404}]]>
              </value>
            </param>
          </params>
          <reporter-output>
          </reporter-output>
        </test-method> <!-- deleteRepoWithoutName -->
      </class> <!-- api.test.negativeTests.DeleteRepoNegativeTest -->
    </test> <!-- deleteRepoErrorValidation -->
    <test started-at="2025-12-01T22:50:02 SAST" name="getRepoErrorValidation" finished-at="2025-12-01T22:50:14 SAST" duration-ms="11990">
      <class name="api.test.negativeTests.GetRepoNegativeTests">
        <test-method signature="getNonExistantRepo(java.util.HashMap)[pri:0, instance:api.test.negativeTests.GetRepoNegativeTests@5e17553a]" started-at="2025-12-01T22:50:02 SAST" name="getNonExistantRepo" data-provider="getNonExistentRepoProvider" finished-at="2025-12-01T22:50:13 SAST" duration-ms="10891" status="PASS">
          <params>
            <param index="0">
              <value>
                <![CDATA[{name=Non-Existent-Repo, message=Not Found, statusCode=404}]]>
              </value>
            </param>
          </params>
          <reporter-output>
          </reporter-output>
        </test-method> <!-- getNonExistantRepo -->
        <test-method signature="getRepoWithWithoutNameParam(java.util.HashMap)[pri:0, instance:api.test.negativeTests.GetRepoNegativeTests@5e17553a]" started-at="2025-12-01T22:50:13 SAST" name="getRepoWithWithoutNameParam" data-provider="getRepoWithoutNameProvider" finished-at="2025-12-01T22:50:14 SAST" duration-ms="857" status="PASS">
          <params>
            <param index="0">
              <value>
                <![CDATA[{name=, message=Not Found, statusCode=404}]]>
              </value>
            </param>
          </params>
          <reporter-output>
          </reporter-output>
        </test-method> <!-- getRepoWithWithoutNameParam -->
      </class> <!-- api.test.negativeTests.GetRepoNegativeTests -->
    </test> <!-- getRepoErrorValidation -->
    <test started-at="2025-12-01T22:50:14 SAST" name="updateRepoErrorValidation" finished-at="2025-12-01T22:50:19 SAST" duration-ms="4901">
      <class name="api.test.negativeTests.UpdateRepoNegativeTest">
        <test-method signature="updateRepoWithEmptyName(java.util.HashMap)[pri:0, instance:api.test.negativeTests.UpdateRepoNegativeTest@43015c69]" started-at="2025-12-01T22:50:14 SAST" name="updateRepoWithEmptyName" data-provider="updateRepoWithoutNameProvider" finished-at="2025-12-01T22:50:17 SAST" duration-ms="3199" status="PASS">
          <params>
            <param index="0">
              <value>
                <![CDATA[{name=, message=Not Found, statusCode=404}]]>
              </value>
            </param>
          </params>
          <reporter-output>
          </reporter-output>
        </test-method> <!-- updateRepoWithEmptyName -->
        <test-method signature="updateRepoWithNonExistentName(java.util.HashMap)[pri:0, instance:api.test.negativeTests.UpdateRepoNegativeTest@43015c69]" started-at="2025-12-01T22:50:17 SAST" name="updateRepoWithNonExistentName" data-provider="updateNonExistentRepoProvider" finished-at="2025-12-01T22:50:19 SAST" duration-ms="1417" status="PASS">
          <params>
            <param index="0">
              <value>
                <![CDATA[{name=Non-Existent-Repo, message=Not Found, statusCode=404}]]>
              </value>
            </param>
          </params>
          <reporter-output>
          </reporter-output>
        </test-method> <!-- updateRepoWithNonExistentName -->
      </class> <!-- api.test.negativeTests.UpdateRepoNegativeTest -->
    </test> <!-- updateRepoErrorValidation -->
  </suite> <!-- Suite -->
</testng-results>
