<?xml version="1.0" encoding="UTF-8"?>
<!-- Generated by org.testng.reporters.JUnitReportReporter -->
<testsuite hostname="DESKTOP-REJ3M5T" failures="0" tests="2" name="api.test.negativeTests.UpdateRepoNegativeTest" time="2.423" errors="0" timestamp="2025-12-01T17:51:26 SAST" skipped="0">
  <testcase classname="api.test.negativeTests.UpdateRepoNegativeTest" name="updateRepoWithNonExistentName" time="1.091"/>
  <testcase classname="api.test.negativeTests.UpdateRepoNegativeTest" name="updateRepoWithEmptyName" time="1.332"/>
</testsuite> <!-- api.test.negativeTests.UpdateRepoNegativeTest -->
