<?xml version="1.0" encoding="UTF-8"?>
<!-- Generated by org.testng.reporters.JUnitReportReporter -->
<testsuite hostname="DESKTOP-REJ3M5T" failures="0" tests="2" name="api.test.negativeTests.DeleteRepoNegativeTest" time="2.016" errors="0" timestamp="2025-12-01T22:50:23 SAST" skipped="0">
  <testcase classname="api.test.negativeTests.DeleteRepoNegativeTest" name="deleteNonExistentRepo" time="1.315"/>
  <testcase classname="api.test.negativeTests.DeleteRepoNegativeTest" name="deleteRepoWithoutName" time="0.701"/>
</testsuite> <!-- api.test.negativeTests.DeleteRepoNegativeTest -->
