<?xml version="1.0" encoding="UTF-8"?>
<!-- Generated by org.testng.reporters.JUnitReportReporter -->
<testsuite hostname="DESKTOP-REJ3M5T" failures="0" tests="2" name="ui.tests.positiveTests.Login" time="312.678" errors="0" timestamp="2025-12-01T18:03:13 SAST" skipped="0">
  <testcase classname="ui.tests.positiveTests.Login" name="testLogin" time="176.366"/>
  <testcase classname="ui.tests.positiveTests.Login" name="testLogin" time="136.312"/>
</testsuite> <!-- ui.tests.positiveTests.Login -->
