<?xml version="1.0" encoding="UTF-8"?>
<!-- Generated by org.testng.reporters.JUnitReportReporter -->
<testsuite hostname="DESKTOP-REJ3M5T" failures="0" tests="3" name="api.test.negativeTests.CreateRepoNegativeTests" time="24.344" errors="0" timestamp="2025-12-01T22:50:23 SAST" skipped="0">
  <testcase classname="api.test.negativeTests.CreateRepoNegativeTests" name="createExistingRepo" time="22.439"/>
  <testcase classname="api.test.negativeTests.CreateRepoNegativeTests" name="createRepoWithLongName" time="1.057"/>
  <testcase classname="api.test.negativeTests.CreateRepoNegativeTests" name="createRepoWithoutName" time="0.848"/>
</testsuite> <!-- api.test.negativeTests.CreateRepoNegativeTests -->
