<?xml version="1.0" encoding="UTF-8"?>
<!-- Generated by org.testng.reporters.JUnitReportReporter -->
<testsuite hostname="DESKTOP-REJ3M5T" failures="0" tests="4" name="ui.tests.positiveTests.OrderPlacementAndOrderHistory" time="593.509" errors="0" timestamp="2025-12-01T17:46:45 SAST" skipped="0">
  <testcase classname="ui.tests.positiveTests.OrderPlacementAndOrderHistory" name="orderHistoryTest" time="96.740"/>
  <testcase classname="ui.tests.positiveTests.OrderPlacementAndOrderHistory" name="placeOrderAndValidateOrderHistoryTest" time="222.824"/>
  <testcase classname="ui.tests.positiveTests.OrderPlacementAndOrderHistory" name="placeOrderAndValidateOrderHistoryTest" time="181.607"/>
  <testcase classname="ui.tests.positiveTests.OrderPlacementAndOrderHistory" name="orderHistoryTest" time="92.338"/>
</testsuite> <!-- ui.tests.positiveTests.OrderPlacementAndOrderHistory -->
