<?xml version="1.0" encoding="UTF-8"?>
<!-- Generated by org.testng.reporters.JUnitReportReporter -->
<testsuite hostname="DESKTOP-REJ3M5T" failures="0" tests="2" name="api.test.negativeTests.DeleteRepoNegativeTest" time="3.302" errors="0" timestamp="2025-12-01T17:51:26 SAST" skipped="0">
  <testcase classname="api.test.negativeTests.DeleteRepoNegativeTest" name="deleteRepoWithoutName" time="1.020"/>
  <testcase classname="api.test.negativeTests.DeleteRepoNegativeTest" name="deleteNonExistentRepo" time="2.282"/>
</testsuite> <!-- api.test.negativeTests.DeleteRepoNegativeTest -->
