<?xml version="1.0" encoding="UTF-8"?>
<!-- Generated by org.testng.reporters.JUnitReportReporter -->
<testsuite hostname="DESKTOP-REJ3M5T" failures="0" tests="8" name="api.test.positiveTests.PositiveE2ETests" time="36.102" errors="0" timestamp="2025-12-01T17:46:45 SAST" skipped="0">
  <testcase classname="api.test.positiveTests.PositiveE2ETests" name="createRepoTest" time="23.579"/>
  <testcase classname="api.test.positiveTests.PositiveE2ETests" name="createRepoTest" time="2.639"/>
  <testcase classname="api.test.positiveTests.PositiveE2ETests" name="getRepoTest" time="2.415"/>
  <testcase classname="api.test.positiveTests.PositiveE2ETests" name="getRepoTest" time="1.166"/>
  <testcase classname="api.test.positiveTests.PositiveE2ETests" name="updateRepoTest" time="1.498"/>
  <testcase classname="api.test.positiveTests.PositiveE2ETests" name="updateRepoTest" time="2.532"/>
  <testcase classname="api.test.positiveTests.PositiveE2ETests" name="deleteRepoTest" time="1.143"/>
  <testcase classname="api.test.positiveTests.PositiveE2ETests" name="deleteRepoTest" time="1.130"/>
</testsuite> <!-- api.test.positiveTests.PositiveE2ETests -->
