<?xml version="1.0" encoding="UTF-8"?>
<!-- Generated by org.testng.reporters.JUnitReportReporter -->
<testsuite hostname="DESKTOP-REJ3M5T" failures="0" tests="10" name="ui.tests.negativeTests.RegistrationNegativeTest" time="674.304" errors="1" timestamp="2025-11-24T16:47:24 SAST" skipped="0">
  <testcase classname="ui.tests.negativeTests.RegistrationNegativeTest" name="testNegativeRegistration" time="74.428"/>
  <testcase classname="ui.tests.negativeTests.RegistrationNegativeTest" name="testNegativeRegistration" time="65.803"/>
  <testcase classname="ui.tests.negativeTests.RegistrationNegativeTest" name="testNegativeRegistration" time="62.436"/>
  <testcase classname="ui.tests.negativeTests.RegistrationNegativeTest" name="testNegativeRegistration" time="67.324">
    <error message="Expected condition failed: waiting for visibility of element located by By.cssSelector: .mz-sub-menu-96 li (tried for 25 second(s) with 500 milliseconds interval)
Build info: version: &#039;4.36.0&#039;, revision: &#039;6d115cfd87&#039;
System info: os.name: &#039;Windows 10&#039;, os.arch: &#039;amd64&#039;, os.version: &#039;10.0&#039;, java.version: &#039;21.0.5&#039;
Driver info: org.openqa.selenium.edge.EdgeDriver
Capabilities {acceptInsecureCerts: false, browserName: MicrosoftEdge, browserVersion: 142.0.3595.94, fedcm:accounts: true, goog:processID: 31480, ms:edgeOptions: {debuggerAddress: localhost:57392}, msedge: {msedgedriverVersion: 142.0.3595.94 (6565d6e52817..., userDataDir: C:\Users\DENNIS\AppData\Loc...}, networkConnectionEnabled: false, pageLoadStrategy: normal, platformName: windows, proxy: Proxy(), se:cdp: ws://localhost:57392/devtoo..., se:cdpVersion: 142.0.3595.94, setWindowRect: true, strictFileInteractability: false, timeouts: {implicit: 0, pageLoad: 300000, script: 30000}, unhandledPromptBehavior: dismiss and notify, webauthn:extension:credBlob: true, webauthn:extension:largeBlob: true, webauthn:extension:minPinLength: true, webauthn:extension:prf: true, webauthn:virtualAuthenticators: true}
Session ID: af20aa600bb4e6de20b980407e14d275" type="org.openqa.selenium.TimeoutException">
      <![CDATA[org.openqa.selenium.TimeoutException: Expected condition failed: waiting for visibility of element located by By.cssSelector: .mz-sub-menu-96 li (tried for 25 second(s) with 500 milliseconds interval)
Build info: version: '4.36.0', revision: '6d115cfd87'
System info: os.name: 'Windows 10', os.arch: 'amd64', os.version: '10.0', java.version: '21.0.5'
Driver info: org.openqa.selenium.edge.EdgeDriver
Capabilities {acceptInsecureCerts: false, browserName: MicrosoftEdge, browserVersion: 142.0.3595.94, fedcm:accounts: true, goog:processID: 31480, ms:edgeOptions: {debuggerAddress: localhost:57392}, msedge: {msedgedriverVersion: 142.0.3595.94 (6565d6e52817..., userDataDir: C:\Users\DENNIS\AppData\Loc...}, networkConnectionEnabled: false, pageLoadStrategy: normal, platformName: windows, proxy: Proxy(), se:cdp: ws://localhost:57392/devtoo..., se:cdpVersion: 142.0.3595.94, setWindowRect: true, strictFileInteractability: false, timeouts: {implicit: 0, pageLoad: 300000, script: 30000}, unhandledPromptBehavior: dismiss and notify, webauthn:extension:credBlob: true, webauthn:extension:largeBlob: true, webauthn:extension:minPinLength: true, webauthn:extension:prf: true, webauthn:virtualAuthenticators: true}
Session ID: af20aa600bb4e6de20b980407e14d275
at org.openqa.selenium.support.ui.WebDriverWait.timeoutException(WebDriverWait.java:84)
at org.openqa.selenium.support.ui.FluentWait.until(FluentWait.java:228)
at ui.utils.UiUtilities.waitForVisibilityOfElementLocatedBy(UiUtilities.java:39)
at ui.utils.UiUtilities.getElements(UiUtilities.java:74)
at ui.components.NavigationBar.goToMyAccountOption(NavigationBar.java:79)
at ui.components.NavigationBar.goToRegistrationPage(NavigationBar.java:68)
at ui.tests.negativeTests.RegistrationNegativeTest.testNegativeRegistration(RegistrationNegativeTest.java:20)
at java.base/jdk.internal.reflect.DirectMethodHandleAccessor.invoke(DirectMethodHandleAccessor.java:103)
at java.base/java.lang.reflect.Method.invoke(Method.java:580)
at org.testng.internal.invokers.MethodInvocationHelper.invokeMethod(MethodInvocationHelper.java:141)
at org.testng.internal.invokers.TestInvoker.invokeMethod(TestInvoker.java:687)
at org.testng.internal.invokers.TestInvoker.invokeTestMethod(TestInvoker.java:230)
at org.testng.internal.invokers.MethodRunner.runInSequence(MethodRunner.java:63)
at org.testng.internal.invokers.TestInvoker$MethodInvocationAgent.invoke(TestInvoker.java:995)
at org.testng.internal.invokers.TestInvoker.invokeTestMethods(TestInvoker.java:203)
at org.testng.internal.invokers.TestMethodWorker.invokeTestMethods(TestMethodWorker.java:154)
at org.testng.internal.invokers.TestMethodWorker.run(TestMethodWorker.java:134)
at java.base/java.util.ArrayList.forEach(ArrayList.java:1596)
at org.testng.TestRunner.privateRun(TestRunner.java:741)
at org.testng.TestRunner.run(TestRunner.java:616)
at org.testng.SuiteRunner.runTest(SuiteRunner.java:421)
at org.testng.SuiteRunner.runSequentially(SuiteRunner.java:413)
at org.testng.SuiteRunner.privateRun(SuiteRunner.java:373)
at org.testng.SuiteRunner.run(SuiteRunner.java:312)
at org.testng.SuiteRunnerWorker.runSuite(SuiteRunnerWorker.java:52)
at org.testng.SuiteRunnerWorker.run(SuiteRunnerWorker.java:95)
at org.testng.TestNG.runSuitesSequentially(TestNG.java:1274)
at org.testng.TestNG.runSuitesLocally(TestNG.java:1208)
at org.testng.TestNG.runSuites(TestNG.java:1112)
at org.testng.TestNG.run(TestNG.java:1079)
at org.testng.remote.AbstractRemoteTestNG.run(AbstractRemoteTestNG.java:115)
at org.testng.remote.RemoteTestNG.initAndRun(RemoteTestNG.java:293)
at org.testng.remote.RemoteTestNG.main(RemoteTestNG.java:91)
]]>
    </error>
  </testcase> <!-- testNegativeRegistration -->
  <testcase classname="ui.tests.negativeTests.RegistrationNegativeTest" name="testNegativeRegistration" time="58.321"/>
  <testcase classname="ui.tests.negativeTests.RegistrationNegativeTest" name="testNegativeRegistration" time="63.707"/>
  <testcase classname="ui.tests.negativeTests.RegistrationNegativeTest" name="testNegativeRegistration" time="61.942"/>
  <testcase classname="ui.tests.negativeTests.RegistrationNegativeTest" name="testNegativeRegistration" time="74.464"/>
  <testcase classname="ui.tests.negativeTests.RegistrationNegativeTest" name="testNegativeRegistration" time="73.472"/>
  <testcase classname="ui.tests.negativeTests.RegistrationNegativeTest" name="testNegativeRegistration" time="72.407"/>
</testsuite> <!-- ui.tests.negativeTests.RegistrationNegativeTest -->
