<?xml version="1.0" encoding="UTF-8"?>
<!-- Generated by org.testng.reporters.JUnitReportReporter -->
<testsuite hostname="DESKTOP-REJ3M5T" failures="0" tests="2" name="ui.tests.positiveTests.Registration" time="218.761" errors="0" timestamp="2025-12-01T18:07:39 SAST" skipped="0">
  <testcase classname="ui.tests.positiveTests.Registration" name="testRegistration" time="113.384"/>
  <testcase classname="ui.tests.positiveTests.Registration" name="testRegistration" time="105.377"/>
</testsuite> <!-- ui.tests.positiveTests.Registration -->
