<?xml version="1.0" encoding="UTF-8"?>
<!-- Generated by org.testng.reporters.JUnitReportReporter -->
<testsuite hostname="DESKTOP-REJ3M5T" failures="0" tests="2" name="api.test.negativeTests.GetRepoNegativeTests" time="11.748" errors="0" timestamp="2025-12-01T22:50:23 SAST" skipped="0">
  <testcase classname="api.test.negativeTests.GetRepoNegativeTests" name="getNonExistantRepo" time="10.891"/>
  <testcase classname="api.test.negativeTests.GetRepoNegativeTests" name="getRepoWithWithoutNameParam" time="0.857"/>
</testsuite> <!-- api.test.negativeTests.GetRepoNegativeTests -->
